c:\users\rockr\source\repos-aimutt\grimoire-and-steel\game\build\debug\imgui.pdb
c:\users\rockr\source\repos-aimutt\grimoire-and-steel\game\build\imgui.dir\debug\imgui_impl_sdlrenderer2.obj
c:\users\rockr\source\repos-aimutt\grimoire-and-steel\game\build\imgui.dir\debug\imgui_impl_sdl2.obj
c:\users\rockr\source\repos-aimutt\grimoire-and-steel\game\build\imgui.dir\debug\imgui_demo.obj
c:\users\rockr\source\repos-aimutt\grimoire-and-steel\game\build\imgui.dir\debug\imgui_widgets.obj
c:\users\rockr\source\repos-aimutt\grimoire-and-steel\game\build\imgui.dir\debug\imgui_tables.obj
c:\users\rockr\source\repos-aimutt\grimoire-and-steel\game\build\imgui.dir\debug\imgui_draw.obj
c:\users\rockr\source\repos-aimutt\grimoire-and-steel\game\build\imgui.dir\debug\imgui.obj
c:\users\rockr\source\repos-aimutt\grimoire-and-steel\game\build\cmakefiles\generate.stamp
c:\users\rockr\source\repos-aimutt\grimoire-and-steel\game\build\debug\imgui.lib
c:\users\rockr\source\repos-aimutt\grimoire-and-steel\game\build\imgui.dir\debug\imgui.tlog\cl.command.1.tlog
c:\users\rockr\source\repos-aimutt\grimoire-and-steel\game\build\imgui.dir\debug\imgui.tlog\cl.items.tlog
c:\users\rockr\source\repos-aimutt\grimoire-and-steel\game\build\imgui.dir\debug\imgui.tlog\cl.read.1.tlog
c:\users\rockr\source\repos-aimutt\grimoire-and-steel\game\build\imgui.dir\debug\imgui.tlog\cl.write.1.tlog
c:\users\rockr\source\repos-aimutt\grimoire-and-steel\game\build\imgui.dir\debug\imgui.tlog\custombuild.command.1.tlog
c:\users\rockr\source\repos-aimutt\grimoire-and-steel\game\build\imgui.dir\debug\imgui.tlog\custombuild.read.1.tlog
c:\users\rockr\source\repos-aimutt\grimoire-and-steel\game\build\imgui.dir\debug\imgui.tlog\custombuild.write.1.tlog
c:\users\rockr\source\repos-aimutt\grimoire-and-steel\game\build\imgui.dir\debug\imgui.tlog\lib-link.read.1.tlog
c:\users\rockr\source\repos-aimutt\grimoire-and-steel\game\build\imgui.dir\debug\imgui.tlog\lib-link.write.1.tlog
c:\users\rockr\source\repos-aimutt\grimoire-and-steel\game\build\imgui.dir\debug\imgui.tlog\lib.command.1.tlog
